<?xml version="1.0" encoding="UTF-8"?>
<!-- Generated by org.testng.reporters.JUnitReportReporter -->
<testsuite hostname="DESKTOP-T134AMI" name="com.index.LoginIndex" tests="1" failures="0" timestamp="14 Sep 2021 12:39:38 GMT" time="19.874" errors="0">
  <testcase name="login" time="19.874" classname="com.index.LoginIndex"/>
</testsuite> <!-- com.index.LoginIndex -->
