<?xml version="1.0" encoding="UTF-8"?>
<!-- Generated by org.testng.reporters.JUnitReportReporter -->
<testsuite skipped="0" hostname="DESKTOP-T134AMI" name="com.index.LoginIndex" tests="4" failures="0" timestamp="25 Aug 2021 09:19:32 GMT" time="53.790" errors="0">
  <testcase name="login" time="13.019" classname="com.index.LoginIndex"/>
  <testcase name="login_blankUserName" time="12.649" classname="com.index.LoginIndex"/>
  <testcase name="login_negative" time="14.402" classname="com.index.LoginIndex"/>
  <testcase name="login_blankPassword" time="13.720" classname="com.index.LoginIndex"/>
</testsuite> <!-- com.index.LoginIndex -->
