<?xml version="1.0" encoding="UTF-8"?>
<!-- Generated by org.testng.reporters.JUnitReportReporter -->
<testsuite skipped="0" hostname="LAPTOP-4KRH5530" name="com.index.AnOrdersIndex" tests="1" failures="0" timestamp="03 Jan 2022 10:34:22 GMT" time="41.538" errors="0">
  <testcase name="Orders" time="41.538" classname="com.index.AnOrdersIndex"/>
</testsuite> <!-- com.index.AnOrdersIndex -->
