<?xml version="1.0" encoding="UTF-8"?>
<!-- Generated by org.testng.reporters.JUnitReportReporter -->
<testsuite hostname="DESKTOP-T134AMI" name="com.index.LoginIndex" tests="4" failures="0" timestamp="25 Aug 2021 08:38:02 GMT" time="73.109" errors="0">
  <testcase name="login_blankPassword" time="12.884" classname="com.index.LoginIndex"/>
  <testcase name="login" time="11.834" classname="com.index.LoginIndex"/>
  <testcase name="login_blankUserName" time="36.587" classname="com.index.LoginIndex"/>
  <testcase name="login_negative" time="11.804" classname="com.index.LoginIndex"/>
</testsuite> <!-- com.index.LoginIndex -->
