<?xml version="1.0" encoding="UTF-8"?>
<!-- Generated by org.testng.reporters.JUnitReportReporter -->
<testsuite skipped="0" hostname="DESKTOP-T134AMI" name="com.index.AddCartIndex" tests="1" failures="0" timestamp="25 Aug 2021 09:19:32 GMT" time="20.089" errors="0">
  <testcase name="addProductToCart" time="20.089" classname="com.index.AddCartIndex"/>
</testsuite> <!-- com.index.AddCartIndex -->
