<?xml version="1.0" encoding="UTF-8"?>
<!-- Generated by org.testng.reporters.JUnitReportReporter -->
<testsuite hostname="DESKTOP-T134AMI" name="com.index.SearchProductIndex" tests="2" failures="0" timestamp="14 Sep 2021 12:39:38 GMT" time="26.845" errors="0">
  <testcase name="verifysourcedProduct" time="5.397" classname="com.index.SearchProductIndex"/>
  <testcase name="searchProduct" time="21.448" classname="com.index.SearchProductIndex"/>
</testsuite> <!-- com.index.SearchProductIndex -->
