<?xml version="1.0" encoding="UTF-8"?>
<!-- Generated by org.testng.reporters.JUnitReportReporter -->
<testsuite skipped="0" hostname="DESKTOP-T134AMI" name="com.index.AddCartIndex" tests="1" failures="0" timestamp="24 Aug 2021 11:58:06 GMT" time="19.261" errors="0">
  <testcase name="addProductToCart" time="19.261" classname="com.index.AddCartIndex"/>
</testsuite> <!-- com.index.AddCartIndex -->
