<?xml version="1.0" encoding="UTF-8"?>
<!-- Generated by org.testng.reporters.JUnitReportReporter -->
<testsuite hostname="DESKTOP-T134AMI" name="com.index.LoginIndex" tests="1" failures="0" timestamp="9 Sep 2021 12:03:09 GMT" time="14.542" errors="0">
  <testcase name="login" time="14.542" classname="com.index.LoginIndex"/>
</testsuite> <!-- com.index.LoginIndex -->
