<?xml version="1.0" encoding="UTF-8"?>
<!-- Generated by org.testng.reporters.JUnitReportReporter -->
<testsuite hostname="DESKTOP-T134AMI" name="com.index.LoginIndex" tests="4" failures="0" timestamp="20 Aug 2021 06:32:55 GMT" time="68.002" errors="0">
  <testcase name="login_blankUserName" time="13.662" classname="com.index.LoginIndex"/>
  <testcase name="login_blankPassword" time="13.110" classname="com.index.LoginIndex"/>
  <testcase name="login_negative" time="13.471" classname="com.index.LoginIndex"/>
  <testcase name="login" time="27.759" classname="com.index.LoginIndex"/>
</testsuite> <!-- com.index.LoginIndex -->
