<?xml version="1.0" encoding="UTF-8"?>
<!-- Generated by org.testng.reporters.JUnitReportReporter -->
<testsuite skipped="0" hostname="DESKTOP-T134AMI" name="com.index.AddCartIndex" tests="5" failures="0" timestamp="25 Aug 2021 11:52:12 GMT" time="61.998" errors="0">
  <testcase name="addProductToCart" time="16.739" classname="com.index.AddCartIndex"/>
  <testcase name="login" time="11.276" classname="com.index.AddCartIndex"/>
  <testcase name="login_blankPassword" time="12.191" classname="com.index.AddCartIndex"/>
  <testcase name="login_blankUserName" time="10.844" classname="com.index.AddCartIndex"/>
  <testcase name="login_negative" time="10.948" classname="com.index.AddCartIndex"/>
</testsuite> <!-- com.index.AddCartIndex -->
