<?xml version="1.0" encoding="UTF-8"?>
<!-- Generated by org.testng.reporters.JUnitReportReporter -->
<testsuite hostname="DESKTOP-T134AMI" name="com.index.AddCartIndex" tests="1" failures="0" timestamp="23 Aug 2021 05:48:54 GMT" time="16.417" errors="0">
  <testcase name="addProductToCart" time="16.417" classname="com.index.AddCartIndex"/>
</testsuite> <!-- com.index.AddCartIndex -->
