<?xml version="1.0" encoding="UTF-8"?>
<!-- Generated by org.testng.reporters.JUnitReportReporter -->
<testsuite skipped="0" hostname="LAPTOP-4KRH5530" name="com.index.AnLoginIndex" tests="2" failures="0" timestamp="02 Jan 2022 09:12:21 GMT" time="61.077" errors="0">
  <testcase name="login_negative" time="27.988" classname="com.index.AnLoginIndex"/>
  <testcase name="login" time="33.089" classname="com.index.AnLoginIndex"/>
</testsuite> <!-- com.index.AnLoginIndex -->
