<?xml version="1.0" encoding="UTF-8"?>
<!-- Generated by org.testng.reporters.JUnitReportReporter -->
<testsuite hostname="DESKTOP-T134AMI" name="com.index.AddCartIndex" tests="1" failures="0" timestamp="20 Aug 2021 06:32:55 GMT" time="17.328" errors="0">
  <testcase name="addProductToCart" time="17.328" classname="com.index.AddCartIndex"/>
</testsuite> <!-- com.index.AddCartIndex -->
