<?xml version="1.0" encoding="UTF-8"?>
<!-- Generated by org.testng.reporters.JUnitReportReporter -->
<testsuite hostname="DESKTOP-T134AMI" name="com.index.AddCartIndex" tests="1" failures="0" timestamp="25 Aug 2021 08:38:02 GMT" time="18.500" errors="0">
  <testcase name="addProductToCart" time="18.500" classname="com.index.AddCartIndex"/>
</testsuite> <!-- com.index.AddCartIndex -->
