<?xml version="1.0" encoding="UTF-8"?>
<!-- Generated by org.testng.reporters.JUnitReportReporter -->
<testsuite hostname="DESKTOP-T134AMI" name="com.index.LoginIndex" tests="4" failures="0" timestamp="25 Aug 2021 06:11:38 GMT" time="47.207" errors="0">
  <testcase name="login" time="11.473" classname="com.index.LoginIndex"/>
  <testcase name="login_blankPassword" time="11.140" classname="com.index.LoginIndex"/>
  <testcase name="login_blankUserName" time="13.223" classname="com.index.LoginIndex"/>
  <testcase name="login_negative" time="11.371" classname="com.index.LoginIndex"/>
</testsuite> <!-- com.index.LoginIndex -->
