<?xml version="1.0" encoding="UTF-8"?>
<!-- Generated by org.testng.reporters.JUnitReportReporter -->
<testsuite skipped="0" hostname="LAPTOP-4KRH5530" name="com.index.AnSearchtabIndex" tests="1" failures="0" timestamp="02 Feb 2022 10:14:36 GMT" time="65.836" errors="0">
  <testcase name="Searchtab" time="65.836" classname="com.index.AnSearchtabIndex"/>
</testsuite> <!-- com.index.AnSearchtabIndex -->
