<?xml version="1.0" encoding="UTF-8"?>
<!-- Generated by org.testng.reporters.JUnitReportReporter -->
<testsuite hostname="DESKTOP-GKA213I" name="com.index.LoginIndex" tests="2" failures="0" timestamp="14 Aug 2021 09:46:27 GMT" time="79.839" errors="0">
  <testcase name="login_negative" time="39.404" classname="com.index.LoginIndex"/>
  <testcase name="login_positive" time="40.435" classname="com.index.LoginIndex"/>
</testsuite> <!-- com.index.LoginIndex -->
