<?xml version="1.0" encoding="UTF-8"?>
<!-- Generated by org.testng.reporters.JUnitReportReporter -->
<testsuite hostname="DESKTOP-T134AMI" name="com.index.LoginIndex" tests="4" failures="0" timestamp="23 Aug 2021 05:48:54 GMT" time="69.446" errors="0">
  <testcase name="login_blankUserName" time="12.132" classname="com.index.LoginIndex"/>
  <testcase name="login_blankPassword" time="11.813" classname="com.index.LoginIndex"/>
  <testcase name="login_negative" time="13.507" classname="com.index.LoginIndex"/>
  <testcase name="login" time="31.994" classname="com.index.LoginIndex"/>
</testsuite> <!-- com.index.LoginIndex -->
