<?xml version="1.0" encoding="UTF-8"?>
<!-- Generated by org.testng.reporters.JUnitReportReporter -->
<testsuite skipped="0" hostname="DESKTOP-T134AMI" name="com.index.LoginIndex" tests="1" failures="0" timestamp="27 Aug 2021 08:12:01 GMT" time="33.959" errors="0">
  <testcase name="login" time="33.959" classname="com.index.LoginIndex"/>
</testsuite> <!-- com.index.LoginIndex -->
