<?xml version="1.0" encoding="UTF-8"?>
<!-- Generated by org.testng.reporters.JUnitReportReporter -->
<testsuite hostname="DESKTOP-T134AMI" name="com.index.LoginIndex" tests="4" failures="0" timestamp="23 Aug 2021 09:02:54 GMT" time="45.734" errors="0">
  <testcase name="login_blankUserName" time="10.603" classname="com.index.LoginIndex"/>
  <testcase name="login_blankPassword" time="10.907" classname="com.index.LoginIndex"/>
  <testcase name="login_negative" time="11.259" classname="com.index.LoginIndex"/>
  <testcase name="login" time="12.965" classname="com.index.LoginIndex"/>
</testsuite> <!-- com.index.LoginIndex -->
