<?xml version="1.0" encoding="UTF-8"?>
<!-- Generated by org.testng.reporters.JUnitReportReporter -->
<testsuite hostname="DESKTOP-T134AMI" name="com.index.LoginIndex" tests="4" failures="0" timestamp="20 Aug 2021 11:52:53 GMT" time="73.543" errors="0">
  <testcase name="login_blankUserName" time="13.613" classname="com.index.LoginIndex"/>
  <testcase name="login_blankPassword" time="11.904" classname="com.index.LoginIndex"/>
  <testcase name="login_negative" time="12.729" classname="com.index.LoginIndex"/>
  <testcase name="login" time="35.297" classname="com.index.LoginIndex"/>
</testsuite> <!-- com.index.LoginIndex -->
