<?xml version="1.0" encoding="UTF-8"?>
<!-- Generated by org.testng.reporters.JUnitReportReporter -->
<testsuite hostname="DESKTOP-T134AMI" name="com.index.Orders" tests="2" failures="0" timestamp="8 Sep 2021 06:48:13 GMT" time="8.828" errors="0">
  <testcase name="orders" time="3.396" classname="com.index.Orders"/>
  <testcase name="addOrder" time="5.432" classname="com.index.Orders"/>
</testsuite> <!-- com.index.Orders -->
