<?xml version="1.0" encoding="UTF-8"?>
<!-- Generated by org.testng.reporters.JUnitReportReporter -->
<testsuite skipped="0" hostname="DESKTOP-T134AMI" name="com.index.LoginIndex" tests="4" failures="0" timestamp="24 Aug 2021 11:58:06 GMT" time="53.864" errors="0">
  <testcase name="login_blankUserName" time="11.458" classname="com.index.LoginIndex"/>
  <testcase name="login_negative" time="11.726" classname="com.index.LoginIndex"/>
  <testcase name="login_blankPassword" time="12.579" classname="com.index.LoginIndex"/>
  <testcase name="login" time="18.101" classname="com.index.LoginIndex"/>
</testsuite> <!-- com.index.LoginIndex -->
