<?xml version="1.0" encoding="UTF-8"?>
<!-- Generated by org.testng.reporters.JUnitReportReporter -->
<testsuite hostname="DESKTOP-T134AMI" name="com.index.MyTestClass2" tests="1" failures="0" timestamp="6 Sep 2021 11:51:23 GMT" time="0.016" errors="0">
  <testcase name="myTestMethod4" time="0.016" classname="com.index.MyTestClass2"/>
</testsuite> <!-- com.index.MyTestClass2 -->
